<?xml version="1.0" encoding="UTF-8"?>
<!-- Generated by org.testng.reporters.JUnitReportReporter -->
<testsuite hostname="DESKTOP-L7N3P6A" failures="0" tests="1" name="seleniumbootcamp.S0782_Editcontact" time="36.493" errors="0" timestamp="2022-06-18T12:29:42 IST" skipped="0">
  <testcase classname="seleniumbootcamp.S0782_Editcontact" name="Editcontact" time="36.493"/>
  <system-out/>
</testsuite> <!-- seleniumbootcamp.S0782_Editcontact -->
