<?xml version="1.0" encoding="UTF-8"?>
<!-- Generated by org.testng.reporters.JUnitReportReporter -->
<testsuite hostname="DESKTOP-L7N3P6A" failures="0" tests="3" name="seleniumbootcamp.TestNGInvocationCount" time="176.640" errors="0" timestamp="2022-06-19T12:13:47 IST" skipped="0">
  <testcase classname="seleniumbootcamp.TestNGInvocationCount" name="f" time="52.889"/>
  <system-out/>
  <testcase classname="seleniumbootcamp.TestNGInvocationCount" name="f" time="58.990"/>
  <system-out/>
  <testcase classname="seleniumbootcamp.TestNGInvocationCount" name="f" time="64.761"/>
  <system-out/>
</testsuite> <!-- seleniumbootcamp.TestNGInvocationCount -->
