<?xml version="1.0" encoding="UTF-8"?>
<!-- Generated by org.testng.reporters.JUnitReportReporter -->
<testsuite hostname="DESKTOP-L7N3P6A" failures="0" tests="2" name="seleniumbootcamp.TestDataProvider" time="37.499" errors="0" timestamp="2022-06-26T14:57:53 IST" skipped="0">
  <testcase classname="seleniumbootcamp.TestDataProvider" name="f" time="20.932"/>
  <system-out/>
  <testcase classname="seleniumbootcamp.TestDataProvider" name="f" time="16.567"/>
  <system-out/>
</testsuite> <!-- seleniumbootcamp.TestDataProvider -->
