<?xml version="1.0" encoding="UTF-8"?>
<!-- Generated by org.testng.reporters.JUnitReportReporter -->
<testsuite hostname="DESKTOP-L7N3P6A" failures="0" tests="3" name="seleniumbootcamp.TestNGInvocationCount" time="92.151" errors="0" timestamp="2022-07-02T12:26:51 IST" skipped="0">
  <testcase classname="seleniumbootcamp.TestNGInvocationCount" name="f" time="30.129"/>
  <system-out/>
  <testcase classname="seleniumbootcamp.TestNGInvocationCount" name="f" time="30.279"/>
  <system-out/>
  <testcase classname="seleniumbootcamp.TestNGInvocationCount" name="f" time="31.743"/>
  <system-out/>
</testsuite> <!-- seleniumbootcamp.TestNGInvocationCount -->
