<?xml version="1.0" encoding="UTF-8"?>
<!-- Generated by org.testng.reporters.JUnitReportReporter -->
<testsuite hostname="DESKTOP-L7N3P6A" failures="0" tests="1" name="seleniumbootcamp.S0781_Createcontact" time="54.362" errors="0" timestamp="2022-06-19T11:50:22 IST" skipped="0">
  <testcase classname="seleniumbootcamp.S0781_Createcontact" name="createContact" time="54.362"/>
  <system-out/>
</testsuite> <!-- seleniumbootcamp.S0781_Createcontact -->
