<?xml version="1.0" encoding="UTF-8"?>
<!-- Generated by org.testng.reporters.JUnitReportReporter -->
<testsuite hostname="DESKTOP-L7N3P6A" failures="0" tests="1" name="seleniumbootcamp.CreateContactTestNG" time="22.147" errors="0" timestamp="2022-06-19T10:27:01 IST" skipped="0">
  <testcase classname="seleniumbootcamp.CreateContactTestNG" name="f" time="22.147"/>
  <system-out/>
</testsuite> <!-- seleniumbootcamp.CreateContactTestNG -->
