<?xml version="1.0" encoding="UTF-8"?>
<!-- Generated by org.testng.reporters.JUnitReportReporter -->
<testsuite hostname="DESKTOP-L7N3P6A" failures="0" tests="2" name="seleniumbootcamp.DependsOnMethodTestNG" time="5.732" errors="0" timestamp="2022-06-24T16:29:20 IST" skipped="0">
  <testcase classname="seleniumbootcamp.DependsOnMethodTestNG" name="Test" time="3.655"/>
  <system-out/>
  <testcase classname="seleniumbootcamp.DependsOnMethodTestNG" name="Test123" time="2.077"/>
  <system-out/>
</testsuite> <!-- seleniumbootcamp.DependsOnMethodTestNG -->
